mode: set
github.com/authorizer/cmd/presenter/account.go:18.80,19.14 1 1
github.com/authorizer/cmd/presenter/account.go:25.2,31.3 1 1
github.com/authorizer/cmd/presenter/account.go:19.14,24.3 1 1
github.com/authorizer/infrastructure/repository/account_inme.go:13.36,15.2 1 1
github.com/authorizer/infrastructure/repository/account_inme.go:18.54,20.2 1 1
github.com/authorizer/infrastructure/repository/account_inme.go:23.74,26.2 2 1
github.com/authorizer/infrastructure/repository/account_inme.go:29.74,32.2 2 1
github.com/authorizer/infrastructure/repository/transaction_inme.go:13.44,15.2 1 1
github.com/authorizer/infrastructure/repository/transaction_inme.go:18.86,21.2 2 1
github.com/authorizer/infrastructure/repository/transaction_inme.go:24.65,26.2 1 1
github.com/authorizer/usecase/transaction/inmen.go:16.47,21.2 1 1
github.com/authorizer/usecase/transaction/inmen.go:24.76,25.17 1 1
github.com/authorizer/usecase/transaction/inmen.go:28.2,29.15 2 1
github.com/authorizer/usecase/transaction/inmen.go:25.17,27.3 1 1
github.com/authorizer/usecase/transaction/inmen.go:33.55,34.15 1 1
github.com/authorizer/usecase/transaction/inmen.go:37.2,37.20 1 1
github.com/authorizer/usecase/transaction/inmen.go:34.15,36.3 1 1
github.com/authorizer/usecase/transaction/service.go:15.72,20.2 1 1
github.com/authorizer/usecase/transaction/service.go:23.112,27.16 3 1
github.com/authorizer/usecase/transaction/service.go:31.2,32.16 2 1
github.com/authorizer/usecase/transaction/service.go:35.2,35.12 1 1
github.com/authorizer/usecase/transaction/service.go:39.2,40.16 2 1
github.com/authorizer/usecase/transaction/service.go:43.2,44.16 2 1
github.com/authorizer/usecase/transaction/service.go:48.2,48.15 1 1
github.com/authorizer/usecase/transaction/service.go:27.16,29.3 1 1
github.com/authorizer/usecase/transaction/service.go:32.16,34.3 1 1
github.com/authorizer/usecase/transaction/service.go:35.12,37.3 1 1
github.com/authorizer/usecase/transaction/service.go:40.16,42.3 1 1
github.com/authorizer/usecase/transaction/service.go:44.16,46.3 1 1
github.com/authorizer/usecase/transaction/service.go:52.69,54.16 2 1
github.com/authorizer/usecase/transaction/service.go:57.2,57.15 1 1
github.com/authorizer/usecase/transaction/service.go:54.16,56.3 1 1
github.com/authorizer/usecase/transaction/service.go:61.97,66.16 4 1
github.com/authorizer/usecase/transaction/service.go:69.2,69.20 1 1
github.com/authorizer/usecase/transaction/service.go:75.2,76.16 2 1
github.com/authorizer/usecase/transaction/service.go:79.2,79.17 1 1
github.com/authorizer/usecase/transaction/service.go:85.2,86.16 2 1
github.com/authorizer/usecase/transaction/service.go:89.2,89.18 1 1
github.com/authorizer/usecase/transaction/service.go:95.2,96.16 2 1
github.com/authorizer/usecase/transaction/service.go:99.2,99.20 1 1
github.com/authorizer/usecase/transaction/service.go:104.2,105.20 2 1
github.com/authorizer/usecase/transaction/service.go:111.2,113.22 2 1
github.com/authorizer/usecase/transaction/service.go:66.16,68.3 1 1
github.com/authorizer/usecase/transaction/service.go:69.20,73.3 3 1
github.com/authorizer/usecase/transaction/service.go:76.16,78.3 1 1
github.com/authorizer/usecase/transaction/service.go:79.17,83.3 3 1
github.com/authorizer/usecase/transaction/service.go:86.16,88.3 1 1
github.com/authorizer/usecase/transaction/service.go:89.18,93.3 3 1
github.com/authorizer/usecase/transaction/service.go:96.16,98.3 1 1
github.com/authorizer/usecase/transaction/service.go:99.20,103.3 3 1
github.com/authorizer/usecase/transaction/service.go:105.20,109.3 3 1
github.com/authorizer/usecase/transaction/service.go:117.81,119.16 2 1
github.com/authorizer/usecase/transaction/service.go:122.2,123.27 2 1
github.com/authorizer/usecase/transaction/service.go:126.2,126.26 1 1
github.com/authorizer/usecase/transaction/service.go:133.2,133.19 1 1
github.com/authorizer/usecase/transaction/service.go:119.16,121.3 1 1
github.com/authorizer/usecase/transaction/service.go:123.27,125.3 1 1
github.com/authorizer/usecase/transaction/service.go:126.26,129.21 3 1
github.com/authorizer/usecase/transaction/service.go:129.21,131.4 1 1
github.com/authorizer/usecase/transaction/service.go:137.79,139.16 2 1
github.com/authorizer/usecase/transaction/service.go:142.2,143.27 2 1
github.com/authorizer/usecase/transaction/service.go:146.2,146.42 1 1
github.com/authorizer/usecase/transaction/service.go:153.2,153.19 1 1
github.com/authorizer/usecase/transaction/service.go:139.16,141.3 1 1
github.com/authorizer/usecase/transaction/service.go:143.27,145.3 1 1
github.com/authorizer/usecase/transaction/service.go:146.42,149.93 3 1
github.com/authorizer/usecase/transaction/service.go:149.93,151.4 1 1
github.com/authorizer/usecase/transaction/fixture.go:8.49,16.2 2 1
github.com/authorizer/entity/account.go:12.84,20.2 2 1
github.com/authorizer/entity/entity.go:9.17,11.2 1 1
github.com/authorizer/entity/transaction.go:17.110,19.16 2 1
github.com/authorizer/entity/transaction.go:22.2,29.15 2 1
github.com/authorizer/entity/transaction.go:19.16,21.3 1 1
github.com/authorizer/usecase/account/fixture.go:5.41,12.2 1 1
github.com/authorizer/usecase/account/inmen.go:17.57,23.2 1 1
github.com/authorizer/usecase/account/inmen.go:26.48,27.14 1 1
github.com/authorizer/usecase/account/inmen.go:30.2,30.20 1 1
github.com/authorizer/usecase/account/inmen.go:27.14,29.3 1 1
github.com/authorizer/usecase/account/inmen.go:34.68,35.17 1 1
github.com/authorizer/usecase/account/inmen.go:38.2,39.15 2 1
github.com/authorizer/usecase/account/inmen.go:35.17,37.3 1 1
github.com/authorizer/usecase/account/inmen.go:43.68,44.17 1 1
github.com/authorizer/usecase/account/inmen.go:47.2,48.15 2 1
github.com/authorizer/usecase/account/inmen.go:44.17,46.3 1 1
github.com/authorizer/usecase/account/service.go:13.40,17.2 1 1
github.com/authorizer/usecase/account/service.go:20.95,23.16 3 1
github.com/authorizer/usecase/account/service.go:26.2,26.14 1 1
github.com/authorizer/usecase/account/service.go:31.2,33.16 3 1
github.com/authorizer/usecase/account/service.go:36.2,36.15 1 1
github.com/authorizer/usecase/account/service.go:23.16,25.3 1 1
github.com/authorizer/usecase/account/service.go:26.14,30.3 3 1
github.com/authorizer/usecase/account/service.go:33.16,35.3 1 1
github.com/authorizer/usecase/account/service.go:40.75,42.16 2 1
github.com/authorizer/usecase/account/service.go:45.2,47.16 3 1
github.com/authorizer/usecase/account/service.go:50.2,50.15 1 1
github.com/authorizer/usecase/account/service.go:42.16,44.3 1 1
github.com/authorizer/usecase/account/service.go:47.16,49.3 1 1
github.com/authorizer/usecase/account/service.go:54.57,56.16 2 1
github.com/authorizer/usecase/account/service.go:59.2,59.15 1 1
github.com/authorizer/usecase/account/service.go:56.16,58.3 1 1
github.com/authorizer/usecase/account/service.go:63.69,65.16 2 1
github.com/authorizer/usecase/account/service.go:68.2,68.14 1 1
github.com/authorizer/usecase/account/service.go:71.2,71.18 1 1
github.com/authorizer/usecase/account/service.go:65.16,67.3 1 1
github.com/authorizer/usecase/account/service.go:68.14,70.3 1 1
github.com/authorizer/usecase/account/service.go:75.51,77.16 2 1
github.com/authorizer/usecase/account/service.go:80.2,80.26 1 1
github.com/authorizer/usecase/account/service.go:77.16,79.3 1 1
github.com/authorizer/usecase/account/service.go:84.72,86.16 2 1
github.com/authorizer/usecase/account/service.go:89.2,89.32 1 1
github.com/authorizer/usecase/account/service.go:92.2,92.19 1 1
github.com/authorizer/usecase/account/service.go:86.16,88.3 1 1
github.com/authorizer/usecase/account/service.go:89.32,91.3 1 1
github.com/authorizer/cmd/handler/account.go:9.122,13.16 4 1
github.com/authorizer/cmd/handler/account.go:16.2,17.30 2 1
github.com/authorizer/cmd/handler/account.go:13.16,15.3 1 1
github.com/authorizer/cmd/handler/transaction.go:10.177,16.16 5 1
github.com/authorizer/cmd/handler/transaction.go:19.2,20.16 2 1
github.com/authorizer/cmd/handler/transaction.go:23.2,24.30 2 1
github.com/authorizer/cmd/handler/transaction.go:16.16,18.3 1 1
github.com/authorizer/cmd/handler/transaction.go:20.16,22.3 1 1
